C51 COMPILER V9.54   MAIN                                                                  02/24/2022 12:58:04 PAGE 1   


C51 COMPILER V9.54, COMPILATION OF MODULE MAIN
OBJECT MODULE PLACED IN .\Objects\main.obj
COMPILER INVOKED BY: D:\#大一\单片机（大一寒假）\C51\BIN\C51.EXE main.c OPTIMIZE(8,SPEED) BROWSE DEBUG OBJECTEXTEND PRIN
                    -T(.\Listings\main.lst) TABS(2) OBJECT(.\Objects\main.obj)

line level    source

   1          #include "reg52.h"
   2          
   3          sbit P2 = 0XA0;//???????
*** ERROR C231 IN LINE 3 OF main.c: 'P2': redefinition
   4          P0 = 0X00;//?????????
*** ERROR C231 IN LINE 4 OF main.c: 'P0': redefinition
*** ERROR C231 IN LINE 4 OF main.c: 'P0': redefinition
   5          P2 = 0X00;//???????
*** ERROR C231 IN LINE 5 OF main.c: 'P2': redefinition
*** ERROR C231 IN LINE 5 OF main.c: 'P2': redefinition
   6          void main()
   7          {
   8   1          while(1)
   9   1          {
  10   2          
  11   2          }
  12   1      }

C51 COMPILATION COMPLETE.  0 WARNING(S),  5 ERROR(S)
