C51 COMPILER V9.54   MIAN                                                                  02/24/2022 20:34:43 PAGE 1   


C51 COMPILER V9.54, COMPILATION OF MODULE MIAN
OBJECT MODULE PLACED IN .\Objects\mian.obj
COMPILER INVOKED BY: D:\#大一\单片机（大一寒假）\C51\BIN\C51.EXE mian.c OPTIMIZE(8,SPEED) BROWSE DEBUG OBJECTEXTEND PRIN
                    -T(.\Listings\mian.lst) TABS(2) OBJECT(.\Objects\mian.obj)

line level    source

   1          #include <reg52.h>
   2          typedef unsigned char u8;
   3          typedef unsigned int u16;
   4          
   5          void delay_ms(u16 x);//延时函数声明
   6          sbit key = P2^0;
   7          sbit led = P3^0;
   8          
   9          
  10          
  11          void main()
  12          {
  13   1          while(1)
  14   1          {
  15   2              if(key == 0 )
  16   2              {
  17   3                  delay_ms(100);
  18   3                  if(key == 0)
  19   3                  {
  20   4                  
  21   4                      led = 0;
  22   4                  }else
  23   3                  {
  24   4                      led = 1;
  25   4                  }
  26   3              }
  27   2          }
  28   1      }
  29          
  30          //延时函数，但进行按键的时候必须要使用延时函数进行消抖
  31          void delay_ms(u16 x)
  32          {
  33   1        u16 i,j;
  34   1        for ( i = x ; i > 0 ; i-- )
  35   1        {
  36   2          for (j = 110 ; j > 0 ; j-- )
  37   2          {
  38   3          
  39   3          }
  40   2        }
  41   1      }
  42          


MODULE INFORMATION:   STATIC OVERLAYABLE
   CODE SIZE        =     51    ----
   CONSTANT SIZE    =   ----    ----
   XDATA SIZE       =   ----    ----
   PDATA SIZE       =   ----    ----
   DATA SIZE        =   ----    ----
   IDATA SIZE       =   ----    ----
   BIT SIZE         =   ----    ----
END OF MODULE INFORMATION.


C51 COMPILATION COMPLETE.  0 WARNING(S),  0 ERROR(S)
