C51 COMPILER V9.54   MAIN_MOBAN                                                            03/12/2022 17:12:51 PAGE 1   


C51 COMPILER V9.54, COMPILATION OF MODULE MAIN_MOBAN
OBJECT MODULE PLACED IN .\Objects\main_moban.obj
COMPILER INVOKED BY: D:\Keil5\x64\C51\BIN\C51.EXE main_moban.c OPTIMIZE(8,SPEED) BROWSE DEBUG OBJECTEXTEND PRINT(.\Listi
                    -ngs\main_moban.lst) TABS(2) OBJECT(.\Objects\main_moban.obj)

line level    source

   1          #include "reg52.h" 
   2          
   3          
   4          
   5          sfr AUXR=0x8e;
   6          
   7          
   8          
   9          unsigned char tmpRecv;
  10          
  11          void Init_Uart()
  12          
  13          {
  14   1      
  15   1              TMOD=0x20; 
  16   1      
  17   1              TH1=0xfd;
  18   1      
  19   1              TL1=0xfd; 
  20   1      
  21   1              AUXR=0x00;
  22   1      
  23   1              TR1=1; 
  24   1      
  25   1              SCON = 0x50; 
  26   1      
  27   1              ES=1; 
  28   1      
  29   1              EA=1; 
  30   1      
  31   1      }
  32          
  33          
  34          
  35          void SendByte(unsigned char dat)
  36          
  37          {
  38   1      
  39   1              SBUF = dat; 
  40   1      
  41   1              while(TI == 0);
  42   1      
  43   1              TI = 0; 
  44   1      
  45   1      }
  46          
  47          
  48          
  49          void Sevice_Uart() interrupt 4
  50          
  51          {
  52   1      
  53   1              if(RI == 1) 
  54   1      
C51 COMPILER V9.54   MAIN_MOBAN                                                            03/12/2022 17:12:51 PAGE 2   

  55   1              {
  56   2      
  57   2                      RI = 0; 
  58   2      
  59   2                      tmpRecv = SBUF;
  60   2      
  61   2                      SendByte(tmpRecv + 1);
  62   2      
  63   2              }
  64   1      
  65   1      }
  66          
  67          
  68          
  69          main()
  70          
  71          {
  72   1      
  73   1              Init_Uart();
  74   1      
  75   1              SendByte(0x11);
  76   1      
  77   1              SendByte(0x13);
  78   1      
  79   1              while(1);
  80   1      
  81   1      }


MODULE INFORMATION:   STATIC OVERLAYABLE
   CODE SIZE        =     76    ----
   CONSTANT SIZE    =   ----    ----
   XDATA SIZE       =   ----    ----
   PDATA SIZE       =   ----    ----
   DATA SIZE        =      1    ----
   IDATA SIZE       =   ----    ----
   BIT SIZE         =   ----    ----
END OF MODULE INFORMATION.


C51 COMPILATION COMPLETE.  0 WARNING(S),  0 ERROR(S)
