C51 COMPILER V9.54   ________                                                              04/06/2022 20:04:01 PAGE 1   


C51 COMPILER V9.54, COMPILATION OF MODULE ________
OBJECT MODULE PLACED IN .\Objects\频率测量.obj
COMPILER INVOKED BY: D:\Keil5\x64\C51\BIN\C51.EXE 频率测量.c OPTIMIZE(8,SPEED) BROWSE DEBUG OBJECTEXTEND PRINT(.\Listing
                    -s\频率测量.lst) TABS(2) OBJECT(.\Objects\频率测量.obj)

line level    source

   1          #include "reg52.h"
   2          #include "absacc.h"
   3          #include "xmf_smg_ca.h"
   4          
   5          //通过定时计数器0,1对频率信号进行计数
   6          unsigned int cunt_f = 0;
   7          unsigned int dat_f = 0;
   8          unsigned char count_f = 0;
   9          
  10          void Init_Timer()
  11          {
  12   1        //定时器0用作计数，8位重装方式
  13   1        TH0 = 0xff;//255
  14   1        TL0 = 0xff;//255
  15   1        
  16   1        //定时器1用作定时，定时时间是50ms
  17   1        TH0 = (65535 - 50000) / 256;
  18   1        TL0 = (65535 - 50000) % 256;
  19   1        
  20   1        TMOD = 0x16;//最大65535，自动重装功能
  21   1        
  22   1        ET0 = 1;
  23   1        ET1 = 1;
  24   1        EA = 1;
  25   1        TR0 = 1;
  26   1        TR1 = 1;
  27   1      }
  28          
  29          void Serive_T0() interrupt 1
  30          {
  31   1        count_f++;
  32   1      }
  33          
  34          void Serive_T1() interrupt 3//计算脉冲个数
  35          {
  36   1        TH0 = (65535 - 50000) / 256;
  37   1        TL0 = (65535 - 50000) % 256;
  38   1        
  39   1        count_f++;
  40   1        if(count_f == 20)//50.000ms x 20 = 1s
  41   1        {
  42   2          dat_f = count_f;
  43   2          count_f = 0;
  44   2          count_f = 0;
  45   2          
  46   2        }
  47   1      }
  48          void DisPlay_SMG()
  49          {
  50   1        DisplaySMG_Bit(0, 0x8e); //显示第一位
  51   1        //0000 1110共阳极数码管
  52   1        DelaySMG(100);
  53   1        
  54   1        DisplaySMG_Bit(1, 0xff); //显示第一位
C51 COMPILER V9.54   ________                                                              04/06/2022 20:04:01 PAGE 2   

  55   1        //0000 1110共阳极数码管
  56   1        DelaySMG(100);
  57   1        
  58   1        DisplaySMG_Bit(2, 0xff); //显示第一位
  59   1        //0000 1110共阳极数码管
  60   1        DelaySMG(100);
  61   1        
  62   1        if(dat_f > 9999 )//第五位
  63   1        {
  64   2          DisplaySMG_Bit(3,SMGNoDot_CA[dat_f / 10000]);
  65   2          DelaySMG(100);
  66   2        }
  67   1        
  68   1          if(dat_f > 999 )//第四位
  69   1        {
  70   2          DisplaySMG_Bit(4,SMGNoDot_CA[(dat_f / 1000) % 10]);
  71   2          DelaySMG(100);
  72   2        }
  73   1        
  74   1          if(dat_f > 99 )//第三位
  75   1        {
  76   2          DisplaySMG_Bit(5,SMGNoDot_CA[(dat_f / 100) % 10]);
  77   2          DelaySMG(100);
  78   2        }
  79   1        
  80   1          if(dat_f > 9 )//第二位
  81   1        {
  82   2          DisplaySMG_Bit(6,SMGNoDot_CA[(dat_f / 10) % 10]);
  83   2          DelaySMG(100);
  84   2        }
  85   1        
  86   1          if(dat_f > 0 )//第一位
  87   1        {
  88   2          DisplaySMG_Bit(7,SMGNoDot_CA[(dat_f / 1) % 10]);
  89   2          DelaySMG(100);
  90   2        }
  91   1        Display_All(0xff);//消隐
  92   1      }
  93          
  94          void main()
  95          {
  96   1        XBYTE[0x8000] = 0xff;//对应8个指示灯
  97   1        XBYTE[0xa000] = 0x00;//寄存器赋0,关掉
  98   1        Init_Timer();
  99   1        while(1)
 100   1        {
 101   2          DisPlay_SMG();
 102   2        }
 103   1      }


MODULE INFORMATION:   STATIC OVERLAYABLE
   CODE SIZE        =    384    ----
   CONSTANT SIZE    =     20    ----
   XDATA SIZE       =   ----    ----
   PDATA SIZE       =   ----    ----
   DATA SIZE        =      5    ----
   IDATA SIZE       =   ----    ----
   BIT SIZE         =   ----    ----
END OF MODULE INFORMATION.


C51 COMPILATION COMPLETE.  0 WARNING(S),  0 ERROR(S)
