C51 COMPILER V9.54   MAIN                                                                  02/28/2022 20:42:34 PAGE 1   


C51 COMPILER V9.54, COMPILATION OF MODULE MAIN
OBJECT MODULE PLACED IN .\Objects\main.obj
COMPILER INVOKED BY: D:\#大一\单片机（大一寒假）\C51\BIN\C51.EXE main.c OPTIMIZE(8,SPEED) BROWSE DEBUG OBJECTEXTEND PRIN
                    -T(.\Listings\main.lst) TABS(2) OBJECT(.\Objects\main.obj)

line level    source

   1          #include "reg52.h"
   2          
   3          sbit HC138_C = P2^7;
   4          sbit HC138_B = P2^6;
   5          sbit HC138_A = P2^5;
   6          
   7          /*LED模块一共有八个二极管，连接的是P2口，
   8          所以这里通过十六进制数和左移右移函数结合，
   9          来实现LED的流水效果。
  10          默认情况下P2 = 0xff，对应二进制数为1111 1111，
  11          此时LED模块中所有的灯都处于熄灭状态，
  12          这八个数字对应八个灯，最低位对应D1,最高位对应D8。
  13          如：P2 = 0xd0，即1101 0000，对应LED模块中，
  14          D1、D2、D3、D4、D6亮，D5、D7、D8不亮。*/
  15          
  16          /*即对于led：0是亮，1是不亮。*/
  17          
  18          /*但是对于接口（看实际情况，
  19          大多数寄存器、继电器之类的
  20          上的接口已经有取非，0就是通电，1就是通电。*/
  21          
  22          /*同时，注意对于138这种译码器，
  23          y4输出低电平，即为CBA=10。*/
  24          
  25          
  26          //函数
  27          unsigned char code SMG_duanma[18] = 
  28          {0xc0,0xf9,0xa4,0xb0,0x99,0x92,0x82,0xf8,
  29          0x80,0x90,0x88,0x80,0xc6,0xc0,0x86,0x8e,
  30          0xbf,0x7f};
  31          
  32          void InitHC138(unsigned char n)
  33          {
  34   1          switch(n)
  35   1          {
  36   2          case 4:
  37   2              HC138_C = 1;
  38   2              HC138_B = 0;
  39   2              HC138_A = 0;
  40   2              break;
  41   2          case 5:
  42   2              HC138_C = 1;
  43   2              HC138_B = 0;
  44   2              HC138_A = 1;
  45   2              break;
  46   2          case 6:
  47   2              HC138_C = 1;
  48   2              HC138_B = 1;
  49   2              HC138_A = 0;
  50   2              break;
  51   2          case 7:
  52   2              HC138_C = 1;
  53   2              HC138_B = 1;
  54   2              HC138_A = 1;
C51 COMPILER V9.54   MAIN                                                                  02/28/2022 20:42:34 PAGE 2   

  55   2              break;
  56   2          }
  57   1      }
  58          
  59          void ShowSMG_Bit(unsigned char dat,unsigned pos)
  60          {
  61   1          InitHC138(6);   //数码管的位置
  62   1          P0= 0x01 << pos;     //一般都是右移多少位
  63   1          InitHC138(7);    //数码管的内容
  64   1          P0 = dat;    //0x82对应码值的6
  65   1      }
  66          
  67          void Delay_ms(unsigned int t)
  68          {
  69   1          while(t--);
  70   1          while(t--);
  71   1      }
  72          //关闭无关设备,包括蜂鸣器和继电器
  73          void InitSystem()
  74          {
  75   1          HC138_C = 1;
  76   1          HC138_B = 0;
  77   1          HC138_A = 1;
  78   1          
  79   1          P0 = 0X00;
  80   1        
  81   1      }
  82          
  83          void SMG_Static()
  84          {
  85   1          unsigned char i,j;
  86   1          for ( i = 0 ; i < 8 ; i++ )
  87   1          {
  88   2          Delay_ms(60000);
  89   2              for ( j= 0 ; j < 16 ;j++ )
  90   2              {
  91   3              ShowSMG_Bit(SMG_duanma[j],i);
  92   3              Delay_ms(60000);
  93   3              Delay_ms(60000);
  94   3              Delay_ms(60000);//单个地方显示0到9；再到其他地方
  95   3              }
  96   2              
  97   2          }
  98   1      }
  99          
 100          //主函数
 101          void main()
 102          {
 103   1          InitSystem();
 104   1          while(1)
 105   1          {
 106   2            SMG_Static();
 107   2          }
 108   1          
 109   1      }


MODULE INFORMATION:   STATIC OVERLAYABLE
   CODE SIZE        =    154    ----
   CONSTANT SIZE    =     18    ----
   XDATA SIZE       =   ----    ----
   PDATA SIZE       =   ----    ----
C51 COMPILER V9.54   MAIN                                                                  02/28/2022 20:42:34 PAGE 3   

   DATA SIZE        =   ----    ----
   IDATA SIZE       =   ----    ----
   BIT SIZE         =   ----    ----
END OF MODULE INFORMATION.


C51 COMPILATION COMPLETE.  0 WARNING(S),  0 ERROR(S)
