C51 COMPILER V9.54   SHU1                                                                  02/23/2022 14:39:22 PAGE 1   


C51 COMPILER V9.54, COMPILATION OF MODULE SHU1
OBJECT MODULE PLACED IN .\Objects\shu1.obj
COMPILER INVOKED BY: D:\#大一\单片机（大一寒假）\C51\BIN\C51.EXE shu1.c OPTIMIZE(8,SPEED) BROWSE DEBUG OBJECTEXTEND PRIN
                    -T(.\Listings\shu1.lst) TABS(2) OBJECT(.\Objects\shu1.obj)

line level    source

   1          #include<reg52.h>
   2          #define u8 unsigned char
   3          #define u16 unsigned int
   4          
   5          //一维数组
   6          u8 code dis_tab[] = {
   7            0x40,0x79,0x24,0x30,0x19,
   8            0x12,0x02,0x78,0x00,0x10};
   9            
  10            void delay_ms(u16);//引用延时函数
  11            
  12            void main()
  13            {
  14   1          u8 i = 0;
  15   1          P3 = 0xff;
  16   1          while(1)
  17   1          {
  18   2            delay_ms(500);
  19   2            P3 = dis_tab[i];//遍历
  20   2            i++;
  21   2            i = i < 10 ? i % 10 : 0;
  22   2            }
  23   1          }
  24              
  25          void delay_ms(u16 num)
  26          {
  27   1        u16 x,y;
  28   1        for ( x = num; x > 0 ; x-- )
  29   1        for (y = 110 ; y > 0 ; y-- );
  30   1      }


MODULE INFORMATION:   STATIC OVERLAYABLE
   CODE SIZE        =     76    ----
   CONSTANT SIZE    =     10    ----
   XDATA SIZE       =   ----    ----
   PDATA SIZE       =   ----    ----
   DATA SIZE        =   ----       1
   IDATA SIZE       =   ----    ----
   BIT SIZE         =   ----    ----
END OF MODULE INFORMATION.


C51 COMPILATION COMPLETE.  0 WARNING(S),  0 ERROR(S)
