C51 COMPILER V9.54   MAIN                                                                  03/08/2022 21:57:46 PAGE 1   


C51 COMPILER V9.54, COMPILATION OF MODULE MAIN
OBJECT MODULE PLACED IN .\Objects\main.obj
COMPILER INVOKED BY: D:\Keil5\x64\C51\BIN\C51.EXE main.c OPTIMIZE(8,SPEED) BROWSE DEBUG OBJECTEXTEND PRINT(.\Listings\ma
                    -in.lst) TABS(2) OBJECT(.\Objects\main.obj)

line level    source

   1          #include "reg52.h"
   2          
   3          sbit L1 = P0^0;
   4          sbit S7 =P3^0; //独立按键，独立按键接到23引脚
   5          
   6          sbit HC573_C = P2^7;
   7          sbit HC573_B = P2^6;
   8          sbit HC573_A = P2^5;
   9          
  10          void SelectHC573(unsigned char n)
  11          {
  12   1        switch(n)
  13   1        {
  14   2          case 4:
  15   2            HC573_C = 1;
  16   2            HC573_B = 0;
  17   2          HC573_A = 0;
  18   2          break;
  19   2          
  20   2          case 5:
  21   2            HC573_C = 1;
  22   2          HC573_B = 0;
  23   2          HC573_A= 1;
  24   2          break;
  25   2        }
  26   1      }
  27          
  28          void InitSystem()
  29          {
  30   1        SelectHC573(5);
  31   1        P0 = 0x00;
  32   1      }
  33          
  34          void main()
  35          {
  36   1         InitSystem();
  37   1        while(1)
  38   1        {
  39   2          
  40   2        }
  41   1      }


MODULE INFORMATION:   STATIC OVERLAYABLE
   CODE SIZE        =     36    ----
   CONSTANT SIZE    =   ----    ----
   XDATA SIZE       =   ----    ----
   PDATA SIZE       =   ----    ----
   DATA SIZE        =   ----    ----
   IDATA SIZE       =   ----    ----
   BIT SIZE         =   ----    ----
END OF MODULE INFORMATION.


C51 COMPILATION COMPLETE.  0 WARNING(S),  0 ERROR(S)
