C51 COMPILER V9.54   MAIN1                                                                 03/12/2022 15:20:29 PAGE 1   


C51 COMPILER V9.54, COMPILATION OF MODULE MAIN1
OBJECT MODULE PLACED IN .\Objects\main1.obj
COMPILER INVOKED BY: D:\Keil5\x64\C51\BIN\C51.EXE main1.c OPTIMIZE(8,SPEED) BROWSE DEBUG OBJECTEXTEND PRINT(.\Listings\m
                    -ain1.lst) TABS(2) OBJECT(.\Objects\main1.obj)

line level    source

   1          /*
   2          占空比30%，
   3          表示高电平占比百分之30，
   4          低电平占比百分之70
   5          ，通常占空比用变量duty表示
   6          */
   7          
   8          #include "reg52.h"
   9          
  10          sbit L1 = P0^0;
  11          sbit S7 = P3^0;
  12          sbit L2 = P14^5;
*** ERROR C202 IN LINE 12 OF main1.c: 'P14': undefined identifier
  13          
  14          sbit HC573_C = P2^7;
  15          sbit HC573_B = P2^6;
  16          sbit HC573_A = P2^5;
  17          
  18          void SelectHC573(unsigned char n)
  19          {
  20   1        switch(n)
  21   1        {
  22   2          case 4:
  23   2            HC573_C = 1;
  24   2            HC573_B = 0;
  25   2            HC573_A = 0;
  26   2          break;
  27   2          case 5:
  28   2            HC573_C = 1;
  29   2            HC573_B = 0;
  30   2            HC573_A = 1;
  31   2          break;
  32   2        } 
  33   1      }
  34          
  35          void Delay(unsigned int t)
  36          {
  37   1            while(t--);
  38   1      }
  39          
  40          //计数变量
  41          unsigned char count = 0;//计数个数
  42          unsigned char pwm_duty = 0;//占空比
  43          //============定时器初始化函数==========
  44          void InitTimer0()
  45          {
  46   1        TMOD = 0x01;//通常都是像这样
  47   1        //10ms = 1000us, 1ms(每个时钟脉冲)=100us * 100
  48   1        TH0 = (65535 - 100)/256;//延时100个微秒的定时中断
  49   1        TL0 = (65535 - 100)%256;
  50   1        
  51   1        ET0 = 1;
  52   1        EA = 1;
  53   1      }
C51 COMPILER V9.54   MAIN1                                                                 03/12/2022 15:20:29 PAGE 2   

  54          //============定时器服务函数=============
  55          void ServiceTimer0() interrupt 1
  56          {
  57   1        //重装写进来
  58   1        TH0 = (65535 - 100)/256;//延时100个微秒的定时中断
  59   1        TL0 = (65535 - 100)%256;
  60   1        
  61   1        count++;
  62   1        if(count == pwm_duty)//在占空比之前置1
  63   1        {
  64   2          L1 = 1;
  65   2        }
  66   1        else if(count == 100)//到100之前置0
  67   1        {
  68   2          L1 = 0;
  69   2          count = 0;
  70   2        }
  71   1      }
  72          
  73          //设置一个变量，表示当前按键处在什么状态
  74          unsigned char stat = 0;
  75          
  76          void ScanKey()
  77          {
  78   1          if(S7 == 0)
  79   1          {
  80   2            Delay(100);//延时消抖
  81   2            if(S7 == 0)
  82   2            {
  83   3              switch(stat)
  84   3              {
  85   4                case 0:
  86   4                  L1 = 0;
  87   4                  stat = 1;
  88   4                  TR0 = 1;//这里才开启定时器
  89   4                  pwm_duty = 10;//10%的亮灯状态,占空比改成10%
  90   4                break;
  91   4                  
  92   4                case 1:
  93   4                  pwm_duty = 50;
  94   4                  stat = 2;
  95   4                break;
  96   4                
  97   4                case 2:
  98   4                  pwm_duty = 90;
  99   4                  stat = 3;
 100   4                break;
 101   4                
 102   4                case 3:
 103   4                  L1 = 1;//熄灭
 104   4                  TR0 = 0;
 105   4                  stat = 0;
 106   4                break;
 107   4              }
 108   3              while(S7== 0);//避免反复读取按键
 109   3            }   
 110   2          }
 111   1      }
 112          
 113          void InitSystem()
 114          {
 115   1        SelectHC573(5);
C51 COMPILER V9.54   MAIN1                                                                 03/12/2022 15:20:29 PAGE 3   

 116   1        P0 = 0x00;
 117   1        SelectHC573(4);
 118   1        P0 = 0xff;
 119   1      }
 120          
 121          void main()
 122          {
 123   1        InitSystem();
 124   1        InitTimer0();
 125   1        while(1)
 126   1        {
 127   2          ScanKey();
 128   2        }
 129   1      }

C51 COMPILATION COMPLETE.  0 WARNING(S),  1 ERROR(S)
