C51 COMPILER V9.54   ______________                                                        04/01/2022 17:15:03 PAGE 1   


C51 COMPILER V9.54, COMPILATION OF MODULE ______________
OBJECT MODULE PLACED IN .\Objects\存储器扩展应用.obj
COMPILER INVOKED BY: D:\Keil5\x64\C51\BIN\C51.EXE 存储器扩展应用.c OPTIMIZE(8,SPEED) BROWSE DEBUG OBJECTEXTEND PRINT(.\L
                    -istings\存储器扩展应用.lst) TABS(2) OBJECT(.\Objects\存储器扩展应用.obj)

line level    source

   1          /**
   2          *对于存储器映射拓展技术应用
   3          *CT107D平台的J13要将1-2脚短接
   4          *引入“absacc.h"头文件，
   5          *通过XBYTE关键字来直接操作扩展资源
   6          *存储器映射扩展方式要占用单片机的P3.6引脚
   7          *C语言中的XBYTE对应汇编中的MOV,MOVX
   8          *
   9          *
  10          */
  11          #include "reg52.h"
  12          #include "absacc.h"
  13          
  14          void Delay(unsigned int t)
  15          {
  16   1          while(t--);
  17   1          while(t--);
  18   1          while(t--);
  19   1      }
  20          
  21          void SelectHC573(unsigned char n)
  22          {
  23   1          switch(n)
  24   1          {
  25   2            case 4:
  26   2              P2 = (P2 & 0x1f) | 0x80;
  27   2            break;
  28   2            
  29   2            case 5:
  30   2              P2 = (P2 & 0x1f) | 0xa0;
  31   2            break;
  32   2            
  33   2            case 6:
  34   2              P2 = (P2 & 0x1f) | 0xc0;
  35   2            break;
  36   2            
  37   2            case 7:
  38   2              P2 = (P2 & 0x1f) | 0xe0;
  39   2            break;
  40   2          }
  41   1      }
  42          
  43          /**
  44          注意外部资源的地址映射关系
  45          |   0x8000----指示灯
  46          |   0xa000----蜂鸣器和继电器
  47          |   0xc000----数码管位选
  48          |   0xe000----数码管段码
  49          */
  50          
  51          void LEDRunnning()
  52          {
  53   1        //T0口操作
  54   1        XBYTE[0x8000]=0xf0;
C51 COMPILER V9.54   ______________                                                        04/01/2022 17:15:03 PAGE 2   

  55   1        Delay(60000);
  56   1        Delay(60000);
  57   1        XBYTE[0x8000]=0x0f;  //高四位点亮
  58   1        Delay(60000);
  59   1        Delay(60000);
  60   1        XBYTE[0x8000]=0xff; 
  61   1        Delay(60000);
  62   1        Delay(60000);
  63   1      }
  64          
  65          void SMGRunnning()
  66          {
  67   1        unsigned char i;
  68   1        for ( i = 0 ; i < 8 ; i++ )
  69   1        {
  70   2          //数码管位选
  71   2          XBYTE[0xc000]=0x01 <<i;
  72   2          //段选
  73   2          XBYTE[0xe000]=0x00;
  74   2          Delay(60000);
  75   2          Delay(60000);
  76   2        }
  77   1        XBYTE[0xc000]=0xff;
  78   1        Delay(60000);
  79   1        Delay(60000);
  80   1      }
  81          
  82          void InitSystem()
  83          {
  84   1        SelectHC573(5);
  85   1        P0=0x00;
  86   1      }
  87          
  88          void main(void)
  89          {
  90   1        InitSystem();
  91   1        while(1)
  92   1        {
  93   2          LEDRunnning();
  94   2          SMGRunnning();
  95   2        }
  96   1      }


MODULE INFORMATION:   STATIC OVERLAYABLE
   CODE SIZE        =    184    ----
   CONSTANT SIZE    =   ----    ----
   XDATA SIZE       =   ----    ----
   PDATA SIZE       =   ----    ----
   DATA SIZE        =   ----    ----
   IDATA SIZE       =   ----    ----
   BIT SIZE         =   ----    ----
END OF MODULE INFORMATION.


C51 COMPILATION COMPLETE.  0 WARNING(S),  0 ERROR(S)
