C51 COMPILER V9.54   MAIN                                                                  02/27/2022 15:48:19 PAGE 1   


C51 COMPILER V9.54, COMPILATION OF MODULE MAIN
OBJECT MODULE PLACED IN .\Objects\main.obj
COMPILER INVOKED BY: D:\#大一\单片机（大一寒假）\C51\BIN\C51.EXE main.c OPTIMIZE(8,SPEED) BROWSE DEBUG OBJECTEXTEND PRIN
                    -T(.\Listings\main.lst) TABS(2) OBJECT(.\Objects\main.obj)

line level    source

   1          #include "reg52.h"
   2          
   3          //先把位定义上
   4          sbit HC138_A = P2^5;
   5          sbit HC138_B = P2^6;
   6          sbit HC138_C = P2^7;
   7          
   8          
   9          //函数
  10          void Delay(unsigned int t)
  11          {
  12   1          while(t--);
  13   1          while(t--);
  14   1      }
  15          
  16          void LEDRunning()
  17          {
  18   1          unsigned char i;
  19   1          HC138_C = 1;
  20   1          HC138_B = 0;
  21   1          HC138_A = 0;
  22   1          
  23   1          //闪烁三下
  24   1          for(i = 0 ; i < 3 ; i++ )
  25   1          {
  26   2              P0 = 0x00;
  27   2              //0X00对于IO口来说是点亮
  28   2              Delay(60000);
  29   2              Delay(60000);
  30   2      
  31   2              P0 = 0xff;
  32   2              //0xff对于IO口是熄灭
  33   2              Delay(60000);
  34   2              Delay(60000);
  35   2          }
  36   1          
  37   1          //循环之后灯逐个点亮,点亮8个灯，每次移动一位
  38   1          for(i = 1 ; i <= 8 ; i++ )
  39   1          {
  40   2          //0xff灭，全灭；0x00亮；=1高电平；=0低电平
  41   2              P0 = 0xff << i;
  42   2              //流水灯一定要延时，不然看不到效果
  43   2              Delay(60000);
  44   2              Delay(60000);
  45   2          }
  46   1          
  47   1          for( i = 1 ; i <= 8 ; i++ )
  48   1          {
  49   2              P0 = ~(0xff << i);
  50   2              Delay(60000);
  51   2              Delay(60000);
  52   2          }
  53   1      }
  54          
C51 COMPILER V9.54   MAIN                                                                  02/27/2022 15:48:19 PAGE 2   

  55          //主函数
  56          void main()
  57          {
  58   1          while(1)
  59   1          {
  60   2              LEDRunning();//主函数内调用函数
  61   2          }
  62   1      }
  63          


MODULE INFORMATION:   STATIC OVERLAYABLE
   CODE SIZE        =    103    ----
   CONSTANT SIZE    =   ----    ----
   XDATA SIZE       =   ----    ----
   PDATA SIZE       =   ----    ----
   DATA SIZE        =   ----    ----
   IDATA SIZE       =   ----    ----
   BIT SIZE         =   ----    ----
END OF MODULE INFORMATION.


C51 COMPILATION COMPLETE.  0 WARNING(S),  0 ERROR(S)
