C51 COMPILER V9.54   MAIN2                                                                 03/03/2022 21:25:31 PAGE 1   


C51 COMPILER V9.54, COMPILATION OF MODULE MAIN2
OBJECT MODULE PLACED IN .\Objects\main2.obj
COMPILER INVOKED BY: D:\Keil5\x64\C51\BIN\C51.EXE main2.c OPTIMIZE(8,SPEED) BROWSE DEBUG OBJECTEXTEND PRINT(.\Listings\m
                    -ain2.lst) TABS(2) OBJECT(.\Objects\main2.obj)

line level    source

   1          //文件2增加状态判断
   2          
   3          #include "reg52.h"
   4          
   5          sbit L1 = P0^0;
   6          sbit L8 = P0^7;
   7          sbit S5 = P3^2;
   8          
   9          sbit HC573_C = P2^7;
  10          sbit HC573_B = P2^6;
  11          sbit HC573_A = P2^5;
  12          
  13          void Delay_ms(unsigned int t);
  14          void SelectHC573(unsigned char n);
  15          
  16          //设置int0口中断源的初始状态为0
  17          unsigned char stat_int = 0;
  18          
  19          void Working()
  20          {
  21   1        SelectHC573(4);
  22   1        L1 = 0;
  23   1        Delay_ms(60000);
  24   1        L1 = 1;
  25   1        Delay_ms(60000);
  26   1      }
  27          
  28          void Delay_ms(unsigned int t)
  29          {
  30   1        while(t--);
  31   1        while(t--);
  32   1      }
  33          
  34          void SelectHC573(unsigned char n)
  35          {
  36   1          switch(n)
  37   1          {
  38   2          case 4:
  39   2              HC573_C = 1;
  40   2              HC573_B = 0;
  41   2              HC573_A = 0;
  42   2              break;
  43   2          case 5:
  44   2              HC573_C = 1;
  45   2              HC573_B = 0;
  46   2              HC573_A = 1;
  47   2              break;
  48   2          case 6:
  49   2              HC573_C = 1;
  50   2              HC573_B = 1;
  51   2              HC573_A = 0;
  52   2              break;
  53   2          case 7:
  54   2              HC573_C = 1;
C51 COMPILER V9.54   MAIN2                                                                 03/03/2022 21:25:31 PAGE 2   

  55   2              HC573_B = 1;
  56   2              HC573_A = 1;
  57   2              break;
  58   2          }
  59   1      }
  60          
  61          void InitSystem()
  62          {
  63   1        SelectHC573(5);
  64   1        P0=0x00;
  65   1        SelectHC573(4);
  66   1        P0=0xff;
  67   1      }
  68          
  69          //------------中断-------------
  70          void Init_INT0()//初始化触发方式
  71          {
  72   1        IT0 = 1;//=1选择下降沿触发
  73   1        EX0 = 1;//打开IE寄存器的定时器0
  74   1        EA = 1;//打开IE定时寄存器的总开关
  75   1      }
  76          //------------中断-------------
  77          
  78          void ServiceINT0() interrupt 0
  79          {
  80   1        stat_int = 1;
  81   1      }
  82          void LEDINT()
  83          {
  84   1        if(stat_int == 1)
  85   1        {
  86   2          L8 = 0;
  87   2          Delay_ms(60000);
  88   2          Delay_ms(60000);
  89   2          Delay_ms(60000);
  90   2          Delay_ms(60000);
  91   2          Delay_ms(60000);
  92   2          Delay_ms(60000);
  93   2          Delay_ms(60000);
  94   2          Delay_ms(60000);
  95   2          L8 = 1;
  96   2        }
  97   1      }
  98          
  99          void main()
 100          {
 101   1        InitSystem();
 102   1        Init_INT0();
 103   1        while(1)
 104   1        {
 105   2          Working();
 106   2          LEDINT();
 107   2        }
 108   1      }


MODULE INFORMATION:   STATIC OVERLAYABLE
   CODE SIZE        =    166    ----
   CONSTANT SIZE    =   ----    ----
   XDATA SIZE       =   ----    ----
   PDATA SIZE       =   ----    ----
   DATA SIZE        =      1    ----
C51 COMPILER V9.54   MAIN2                                                                 03/03/2022 21:25:31 PAGE 3   

   IDATA SIZE       =   ----    ----
   BIT SIZE         =   ----    ----
END OF MODULE INFORMATION.


C51 COMPILATION COMPLETE.  0 WARNING(S),  0 ERROR(S)
