C51 COMPILER V9.54   MAIN                                                                  03/03/2022 21:17:12 PAGE 1   


C51 COMPILER V9.54, COMPILATION OF MODULE MAIN
OBJECT MODULE PLACED IN .\Objects\main.obj
COMPILER INVOKED BY: D:\Keil5\x64\C51\BIN\C51.EXE main.c OPTIMIZE(8,SPEED) BROWSE DEBUG OBJECTEXTEND PRINT(.\Listings\ma
                    -in.lst) TABS(2) OBJECT(.\Objects\main.obj)

line level    source

   1          #include "reg52.h"
   2          
   3          sbit L1 = P0^0;
   4          sbit L8 = P0^7;
   5          sbit S5 = P3^2;
   6          
   7          sbit HC573_C = P2^7;
   8          sbit HC573_B = P2^6;
   9          sbit HC573_A = P2^5;
  10          
  11          void Delay_ms(unsigned int t);
  12          void SelectHC573(unsigned char n);
  13          
  14          void Working()
  15          {
  16   1        SelectHC573(4);
  17   1        L1 = 0;
  18   1        Delay_ms(60000);
  19   1        L1 = 1;
  20   1        Delay_ms(60000);
  21   1      }
  22          
  23          void Delay_ms(unsigned int t)
  24          {
  25   1        while(t--);
  26   1        while(t--);
  27   1      }
  28          
  29          void SelectHC573(unsigned char n)
  30          {
  31   1          switch(n)
  32   1          {
  33   2          case 4:
  34   2              HC573_C = 1;
  35   2              HC573_B = 0;
  36   2              HC573_A = 0;
  37   2              break;
  38   2          case 5:
  39   2              HC573_C = 1;
  40   2              HC573_B = 0;
  41   2              HC573_A = 1;
  42   2              break;
  43   2          case 6:
  44   2              HC573_C = 1;
  45   2              HC573_B = 1;
  46   2              HC573_A = 0;
  47   2              break;
  48   2          case 7:
  49   2              HC573_C = 1;
  50   2              HC573_B = 1;
  51   2              HC573_A = 1;
  52   2              break;
  53   2          }
  54   1      }
C51 COMPILER V9.54   MAIN                                                                  03/03/2022 21:17:12 PAGE 2   

  55          
  56          void InitSystem()
  57          {
  58   1        SelectHC573(5);
  59   1        P0=0x00;
  60   1        SelectHC573(4);
  61   1        P0=0xff;
  62   1      }
  63          
  64          //------------中断-------------
  65          void Init_INT0()//初始化触发方式
  66          {
  67   1        IT0 = 1;//=1选择下降沿触发
  68   1        EX0 = 1;//打开IE寄存器的定时器0
  69   1        EA = 1;//打开IE定时寄存器的总开关
  70   1      }
  71          //------------中断-------------
  72          //中断服务函数
  73          //外部中断号为0
  74          void ServiceINT0() interrupt 0
  75          {
  76   1        L8 = 0;
  77   1        Delay_ms(60000);
  78   1        Delay_ms(60000);
  79   1        Delay_ms(60000);
  80   1        Delay_ms(60000);
  81   1        Delay_ms(60000);
  82   1        Delay_ms(60000);
  83   1        L8 = 1;
  84   1      }
  85          
  86          
  87          void main()
  88          {
  89   1        InitSystem();
  90   1        
  91   1        Init_INT0();
  92   1        while(1)
  93   1        {
  94   2          Working();
  95   2        }
  96   1      }


MODULE INFORMATION:   STATIC OVERLAYABLE
   CODE SIZE        =    169    ----
   CONSTANT SIZE    =   ----    ----
   XDATA SIZE       =   ----    ----
   PDATA SIZE       =   ----    ----
   DATA SIZE        =   ----    ----
   IDATA SIZE       =   ----    ----
   BIT SIZE         =   ----    ----
END OF MODULE INFORMATION.


C51 COMPILATION COMPLETE.  0 WARNING(S),  0 ERROR(S)
