C51 COMPILER V9.54   MAIN111                                                               03/14/2022 21:22:06 PAGE 1   


C51 COMPILER V9.54, COMPILATION OF MODULE MAIN111
OBJECT MODULE PLACED IN .\Objects\main111.obj
COMPILER INVOKED BY: D:\Keil5\x64\C51\BIN\C51.EXE main111.c OPTIMIZE(8,SPEED) BROWSE DEBUG OBJECTEXTEND PRINT(.\Listings
                    -\main111.lst) TABS(2) OBJECT(.\Objects\main111.obj)

line level    source

   1          #include "reg52.h"
   2          
   3          sbit HC573_C = P2^7;
   4          sbit HC573_B = P2^6;
   5          sbit HC573_A = P2^5;
   6          
   7          void SelectHC573(unsigned char n)
   8          {
   9   1        switch(n)
  10   1        {
  11   2          case 4:
  12   2            HC573_C = 1;
  13   2            HC573_B = 0;
  14   2            HC573_A = 0;
  15   2          break;
  16   2          
  17   2          case 5:
  18   2            HC573_C = 1;
  19   2            HC573_B = 0;
  20   2            HC573_A = 1;
  21   2          break;
  22   2          
  23   2          case 6:
  24   2            HC573_C = 1;
  25   2            HC573_B = 1;
  26   2            HC573_A = 0;
  27   2          break;
  28   2          
  29   2          case 7:
  30   2            HC573_C = 1;
  31   2            HC573_B = 1;
  32   2            HC573_A = 1;
  33   2          break;
  34   2        }
  35   1      }
  36          
  37          void InitSystem()
  38          {
  39   1        SelectHC573(5);
  40   1        P0 = 0x00;
  41   1        SelectHC573(4);
  42   1        P0 = 0xff;
  43   1      }
  44          
  45          //======中断初始=====
  46          void InitUart()
  47          {
  48   1        TMOD = 0X20;
  49   1        TH1 = 0Xfd;
  50   1        TL1 = 0xfd;
  51   1        TR1= 1;
  52   1        
  53   1        //配置串口工作模式
  54   1        SCON = 0x50;//允许接受
C51 COMPILER V9.54   MAIN111                                                               03/14/2022 21:22:06 PAGE 2   

  55   1        
  56   1        ES = 1;
  57   1        EA = 1;
  58   1      }
  59          
  60          //======中断服务=====
  61          void ServiceUart() interrupt 4
  62          {
  63   1        if(RI == 1)
  64   1        {
  65   2          
  66   2        }
  67   1      }
  68          
  69          //send Byte(zijie), not Bit(wei)
  70          void SendByte(unsigned char dat)
  71          {
  72   1        SBUF = dat;
  73   1        while(TI == 0);
  74   1        TI = 0;
  75   1      }
  76          
  77          void SendString(unsigned char *str)
  78          {
  79   1        while(*str != '\0')
  80   1        {
  81   2          SendByte(*str++);    //字符串发送
  82   2        }
  83   1      }
  84          void Delay(unsigned int t)
  85          {
  86   1        while(t--);
  87   1      }
  88          
  89          //====main======
  90          void main()
  91          {
  92   1        InitSystem();
  93   1        InitUart();
  94   1        Delay(100);
  95   1        SendString("Welcome!!!my friend");
  96   1        while(1)
  97   1        {
  98   2          
  99   2        }
 100   1      }


MODULE INFORMATION:   STATIC OVERLAYABLE
   CODE SIZE        =    159    ----
   CONSTANT SIZE    =     20    ----
   XDATA SIZE       =   ----    ----
   PDATA SIZE       =   ----    ----
   DATA SIZE        =   ----       3
   IDATA SIZE       =   ----    ----
   BIT SIZE         =   ----    ----
END OF MODULE INFORMATION.


C51 COMPILATION COMPLETE.  0 WARNING(S),  0 ERROR(S)
