C51 COMPILER V9.54   MAIN                                                                  02/23/2022 15:28:30 PAGE 1   


C51 COMPILER V9.54, COMPILATION OF MODULE MAIN
OBJECT MODULE PLACED IN .\Objects\main.obj
COMPILER INVOKED BY: D:\#大一\单片机（大一寒假）\C51\BIN\C51.EXE main.c OPTIMIZE(8,SPEED) BROWSE DEBUG OBJECTEXTEND PRIN
                    -T(.\Listings\main.lst) TABS(2) OBJECT(.\Objects\main.obj)

line level    source

   1          #include <reg52.h>
   2          #define u8 unsigned char
   3          #define u16 unsigned int
   4          
   5          #include <stdlib.h>
   6          
   7          //位选
   8          //code ROM
   9          //u8 tab[34] = {};
  10          
  11          //定义数组的时候要写一个code
  12          //不加code的时候，计算机必然要分配内存空间，
  13          //不加code会分配到RAM里面，由于51单片机存储空间小，容易导致出现内存问题
  14          //当加入code的时候，会存入ROM，存储空间更大
  15          u8 code seg_tab[] ={
  16           0x40,0x79,0x24,0x30,0x19
  17           ,0x12,0x02,0x78,0x00,0x10};
  18           
  19           void delay_ms(u16 num);//函数声明
  20           
  21           //void main()
  22           //{
  23              //while(1)
  24              //{
  25              //  delay_ms(200);
  26              //    P3 = 0x01;//位选
  27                //  P2 = seg_tab[4];//段选：选择一段,
  28                  //显示数字对应数码管
  29                  
  30                  
  31                  //第二位
  32                //  delay_ms(200);
  33                //  P3 = 0x02;
  34                //  P2 = seg_tab[9];
  35            //  }
  36           //}
  37           
  38           //尝试写一个循环
  39            void main()
  40            { u8 num = 0;//计数0-60
  41   1            u16 shiwei,gewei;
  42   1            while(1)//循环显示0-60
  43   1            {
  44   2            //eg.34 十位为3，个位为4
  45   2          
  46   2            
  47   2            shiwei = num/10;//取模34/10 = 3
  48   2            gewei = num% 10;//取余34%10 = 4
  49   2            
  50   2            delay_ms(50);
  51   2            P3 = 0x01;//高位的位选（第一位）
  52   2            P2 = seg_tab[shiwei];
  53   2            
  54   2            delay_ms(50);
C51 COMPILER V9.54   MAIN                                                                  02/23/2022 15:28:30 PAGE 2   

  55   2            P3 = 0x02;//低位选择第二位
  56   2            P2 = seg_tab[gewei];
  57   2            
  58   2            
  59   2            num++;
  60   2            
  61   2            if(num == 60 ){
  62   3            num = 0;
  63   3            }
  64   2                
  65   2            }
  66   1        }
  67            void delay_ms(u16 num)//u16 最大值：65535
  68            //u8 256 8位的
  69            {
  70   1            u16 x,y; //222222
  71   1            for ( x = num ; x > 0 ; x-- )
  72   1                for ( y = 110 ; y > 0 ; y-- );
  73   1        }


MODULE INFORMATION:   STATIC OVERLAYABLE
   CODE SIZE        =    121    ----
   CONSTANT SIZE    =     10    ----
   XDATA SIZE       =   ----    ----
   PDATA SIZE       =   ----    ----
   DATA SIZE        =   ----       5
   IDATA SIZE       =   ----    ----
   BIT SIZE         =   ----    ----
END OF MODULE INFORMATION.


C51 COMPILATION COMPLETE.  0 WARNING(S),  0 ERROR(S)
