C51 COMPILER V9.54   ________                                                              04/20/2022 22:35:42 PAGE 1   


C51 COMPILER V9.54, COMPILATION OF MODULE ________
OBJECT MODULE PLACED IN .\Objects\串口基础.obj
COMPILER INVOKED BY: D:\Keil5\x64\C51\BIN\C51.EXE 串口基础.c OPTIMIZE(8,SPEED) BROWSE DEBUG OBJECTEXTEND PRINT(.\Listing
                    -s\串口基础.lst) TABS(2) OBJECT(.\Objects\串口基础.obj)

line level    source

   1          #include "reg52.h"
   2          
   3          sfr AUXR = 0x8e;
   4          
   5          unsigned char urdat;
   6          
   7          void Send(unsigned char dat)
   8          {
   9   1        SBUF = dat;
  10   1        while(!TI);
  11   1        TI = 0;
  12   1      }
  13          void UartInit(void)   //9600bps@11.0592MHz
  14          {
  15   1        PCON &= 0x7F;   //??????
  16   1        SCON = 0x50;    //8???,?????
  17   1        AUXR |= 0x40;   //???1???Fosc,?1T
  18   1        AUXR &= 0xFE;   //??1?????1???????
  19   1        TMOD &= 0x0F;   //?????1???
  20   1        TMOD |= 0x20;   //?????1?8???????
  21   1        TL1 = 0xDC;   //??????
  22   1        TH1 = 0xDC;   //????????
  23   1        ET1 = 0;    //?????1??
  24   1        TR1 = 1;
  25   1        
  26   1        ES = 1;
  27   1        EA = 1;
  28   1      }
  29          void ServiceUart() interrupt 4
  30          {
  31   1        if(RI == 1)
  32   1        {
  33   2          RI = 0;
  34   2          urdat = SBUF;
  35   2          Send(urdat);
  36   2        }
  37   1      }
  38          
  39          void main()
  40          {
  41   1        UartInit();
  42   1        Send(0x5a);
  43   1        Send(0xa5);
  44   1        while(1);
  45   1      }


MODULE INFORMATION:   STATIC OVERLAYABLE
   CODE SIZE        =     81    ----
   CONSTANT SIZE    =   ----    ----
   XDATA SIZE       =   ----    ----
   PDATA SIZE       =   ----    ----
   DATA SIZE        =      1    ----
   IDATA SIZE       =   ----    ----
C51 COMPILER V9.54   ________                                                              04/20/2022 22:35:42 PAGE 2   

   BIT SIZE         =   ----    ----
END OF MODULE INFORMATION.


C51 COMPILATION COMPLETE.  0 WARNING(S),  0 ERROR(S)
