C51 COMPILER V9.54   MAIN                                                                  03/01/2022 21:01:13 PAGE 1   


C51 COMPILER V9.54, COMPILATION OF MODULE MAIN
OBJECT MODULE PLACED IN .\Objects\main.obj
COMPILER INVOKED BY: D:\#大一\单片机（大一寒假）\C51\BIN\C51.EXE main.c OPTIMIZE(8,SPEED) BROWSE DEBUG OBJECTEXTEND PRIN
                    -T(.\Listings\main.lst) TABS(2) OBJECT(.\Objects\main.obj)

line level    source

   1          #include "reg52.h"
   2          
   3          sbit HC573_C = P2^7;
   4          sbit HC573_B = P2^6;
   5          sbit HC573_A = P2^5;
   6          
   7          //按键
   8          sbit S7 = P3^0;
   9          sbit S6 = P3^1;
  10          sbit S5 = P3^2;
  11          sbit S4 = P3^3;
  12          
  13          //led
  14          sbit L1 = P0^0;
  15          sbit L2 = P0^1;
  16          sbit L3 = P0^2;
  17          sbit L4 = P0^3;
  18          sbit L5 = P0^4;
  19          sbit L6 = P0^5;
  20          
  21          void SelectHC573(unsigned char n)
  22          {
  23   1          switch(n)
  24   1          {
  25   2          case 4:
  26   2              P2 = (P2 & 0x1f ) | 0x80;
  27   2          break;  
  28   2          
  29   2          case 5:
  30   2          P2 = (P2 & 0x1f ) | 0xa0;
  31   2          break;
  32   2          
  33   2          case 6:
  34   2          P2 = (P2 & 0x1f ) | 0xc0;
  35   2          break;
  36   2          
  37   2          case 7:
  38   2          P2 = (P2 & 0x1f ) | 0xe0;
  39   2          break;
  40   2          }
  41   1      }
  42          
  43          void Delay_K(unsigned char y)
  44          {
  45   1        while(y--);
  46   1      
  47   1      }
  48          //扫描独立按键
  49          void ScanKeys_Alone()
  50          {
  51   1          if(S7 == 0)
  52   1          {
  53   2              
  54   2              if(S7 == 0)//查询当前状态，为0者被按下
C51 COMPILER V9.54   MAIN                                                                  03/01/2022 21:01:13 PAGE 2   

  55   2              //判断按键是否是真的按下
  56   2              {
  57   3              Delay_K(100);//延时消抖
  58   3                  L1 = 0;//为0时有效，被点亮
  59   3              }
  60   2              else
  61   2              {
  62   3                  L1 = 1;
  63   3              }
  64   2          }
  65   1              
  66   1            
  67   1          if(S6 == 0)
  68   1          {
  69   2            
  70   2              if(S6 == 0)//判断按键是否是真的按下.按下接通
  71   2              {
  72   3              Delay_K(100);
  73   3                  L2 = 0;//对于灯来说
  74   3              }
  75   2              else
  76   2              {
  77   3                  L2 = 1;
  78   3              }
  79   2          }
  80   1              
  81   1        
  82   1          if(S5 == 0)
  83   1          {
  84   2              
  85   2              if(S5 == 0)//判断按键是否是真的按下
  86   2              {
  87   3              Delay_K(100);
  88   3                  L3 = 0;
  89   3              }
  90   2              else
  91   2              {
  92   3                  L3 = 1;
  93   3              }
  94   2          }
  95   1              
  96   1            
  97   1          if(S4 == 0)
  98   1          {
  99   2              
 100   2              if(S4 == 0)//判断按键是否是真的按下
 101   2              {
 102   3              Delay_K(100);
 103   3                  L4 = 0;
 104   3              }
 105   2              else
 106   2              {           
 107   3                  L4 = 1;   
 108   3              }
 109   2          }
 110   1            
 111   1      }
 112          
 113          void InitSystem()
 114          {
 115   1          SelectHC573(5);
 116   1          P0 = 0X00;
C51 COMPILER V9.54   MAIN                                                                  03/01/2022 21:01:13 PAGE 3   

 117   1          SelectHC573(4);
 118   1          P0 = 0xff;//若为0x00,则为0000 0000,led灯全亮
 119   1      
 120   1      }
 121          
 122          void main()
 123          {
 124   1          
 125   1          InitSystem();
 126   1          while(1)
 127   1          {
 128   2              ScanKeys_Alone();
 129   2          }
 130   1      }


MODULE INFORMATION:   STATIC OVERLAYABLE
   CODE SIZE        =    150    ----
   CONSTANT SIZE    =   ----    ----
   XDATA SIZE       =   ----    ----
   PDATA SIZE       =   ----    ----
   DATA SIZE        =   ----    ----
   IDATA SIZE       =   ----    ----
   BIT SIZE         =   ----    ----
END OF MODULE INFORMATION.


C51 COMPILATION COMPLETE.  0 WARNING(S),  0 ERROR(S)
