C51 COMPILER V9.54   MAIN                                                                  02/24/2022 12:59:16 PAGE 1   


C51 COMPILER V9.54, COMPILATION OF MODULE MAIN
OBJECT MODULE PLACED IN .\Objects\main.obj
COMPILER INVOKED BY: D:\#大一\单片机（大一寒假）\C51\BIN\C51.EXE main.c OPTIMIZE(8,SPEED) BROWSE DEBUG OBJECTEXTEND PRIN
                    -T(.\Listings\main.lst) TABS(2) OBJECT(.\Objects\main.obj)

line level    source

   1          #include <REG52.H>    
   2          #include <INTRINS.H>    
   3          //???12MHZ      
   4          //?????????????,???????????????;     
   5          
   6          sbit Beep =  P0^6;
   7          unsigned char p,m;   //m???????    
   8          unsigned char i=0;   
   9             
  10          unsigned char n=0;  //n???????    
  11          unsigned char code music_tab[] ={       
  12          //???: ????, ????, ????, ????,
  13          0x0F,0x01, 0x15,0x02, 0x16,0x02, 0x17,0x66, 0x18,0x03,
  14          0x17,0x02, 0x15,0x02, 0x16,0x01, 0x15,0x02, 0x10,0x02,
  15          0x15,0x00, 0x0F,0x01, 0x15,0x02, 0x16,0x02, 0x17,0x02,
  16          0x17,0x03, 0x18,0x03, 0x19,0x02, 0x15,0x02, 0x18,0x66,
  17          0x17,0x01, 0x19,0x02, 0x16,0x03, 0x17,0x03, 0x16,0x00,
  18          0x17,0x03, 0x19,0x02, 0x1B,0x02, 0x1B,0x70, 0x1A,0x03,
  19          0x1A,0x01, 0x19,0x02, 0x19,0x03, 0x1A,0x03, 0x1B,0x02,
  20          0x1A,0x0D, 0x19,0x03, 0x17,0x00, 0x18,0x66, 0x18,0x03,
  21          0x19,0x02, 0x1A,0x02, 0x19,0x0C, 0x18,0x0D, 0x17,0x03,
  22          0x16,0x01, 0x11,0x02, 0x11,0x03, 0x10,0x03, 0x0F,0x0C,
  23          0x10,0x02, 0x15,0x00, 0x1F,0x01, 0x1A,0x01, 0x18,0x66,
  24          0x19,0x03, 0x1A,0x01, 0x1B,0x02, 0x1B,0x03, 0x1B,0x03,
  25          0x1B,0x0C, 0x1A,0x0D, 0x19,0x03, 0x17,0x00, 0x1F,0x01,
  26          0x1A,0x01, 0x18,0x66, 0x19,0x01, 0x1A,0x01, 0x10,0x02,
  27          0x10,0x03, 0x10,0x03, 0x1A,0x0C, 0x18,0x0D, 0x17,0x01,
  28          0x16,0x00, 0x0F,0x01, 0x15,0x02, 0x16,0x02, 0x17,0x70,
  29          0x18,0x03, 0x17,0x02, 0x15,0x03, 0x15,0x03, 0x16,0x66,
  30          0x16,0x03, 0x16,0x02, 0x16,0x01, 0x15,0x03, 0x10,0x02,
  31          0x10,0x01, 0x11,0x01, 0x11,0x66, 0x10,0x01, 0x0F,0x0C,
  32          0x1A,0x02, 0x19,0x02, 0x16,0x03, 0x16,0x03, 0x18,0x66,
  33          0x18,0x03, 0x18,0x02, 0x17,0x01, 0x16,0x03, 0x19,0x00,
  34          0x00,0x00    
  35          };   
  36             
  37          void int0()  interrupt 1   //????0 ????    
  38          {  TH0=0xd8;       //??10ms
  39   1         TL0=0xef;   
  40   1         n--;   
  41   1      }   
  42             
  43          void delay (unsigned char m)   //??????    
  44          {   
  45   1       unsigned i=3*m;   
  46   1       while(--i);   
  47   1      }   
  48             
  49          void delayms(unsigned char a)  //???????    
  50          {   
  51   1        while(--a);                  //??while(--a) ????while(a--); ?????????????????!    
  52   1      }   
  53             
  54          void main()   
C51 COMPILER V9.54   MAIN                                                                  02/24/2022 12:59:16 PAGE 2   

  55          { 
  56   1        P2 = (P2 & 0x1f) | 0xa0; 
  57   1        TMOD&=0x0f;   
  58   1        TMOD|=0x01;   
  59   1        TH0=0xd8;
  60   1        TL0=0xef;   
  61   1        EA = 1;
  62   1        ET0 = 1; 
  63   1        TR0 = 1;  
  64   1      play:   
  65   1         while(1)   
  66   1          {   
  67   2          a: p=music_tab[i];   
  68   2             if(p==0x00)       
  69   2            {i=0, delayms(1000); goto play;}     //???????,??1?,????????    
  70   2             else if(p==0xff)  
  71   2              {i=i+1;delayms(100),TR0=0; goto a;}  //??????,??100ms,???????    
  72   2             else         
  73   2            {m=music_tab[i++], n=music_tab[i++];}  //????? ? ????    
  74   2             TR0=1;                                             //????1    
  75   2             while(n!=0) Beep=~Beep,delay(m);                         //??????, ??P1?????(?????!)    
  76   2             TR0=0;                                             //????1    
  77   2          }   
  78   1      }  
  79          


MODULE INFORMATION:   STATIC OVERLAYABLE
   CODE SIZE        =    129    ----
   CONSTANT SIZE    =    212    ----
   XDATA SIZE       =   ----    ----
   PDATA SIZE       =   ----    ----
   DATA SIZE        =      4    ----
   IDATA SIZE       =   ----    ----
   BIT SIZE         =   ----    ----
END OF MODULE INFORMATION.


C51 COMPILATION COMPLETE.  0 WARNING(S),  0 ERROR(S)
