C51 COMPILER V9.54   MAIN                                                                  02/28/2022 22:22:51 PAGE 1   


C51 COMPILER V9.54, COMPILATION OF MODULE MAIN
OBJECT MODULE PLACED IN .\Objects\main.obj
COMPILER INVOKED BY: D:\#大一\单片机（大一寒假）\C51\BIN\C51.EXE main.c OPTIMIZE(8,SPEED) BROWSE DEBUG OBJECTEXTEND PRIN
                    -T(.\Listings\main.lst) TABS(2) OBJECT(.\Objects\main.obj)

line level    source

   1          #include "reg52.h"
   2          //添加月份，日期
   3          unsigned char yue = 1;
   4          sbit HC573_C = P2^7;
   5          sbit HC573_B = P2^6;
   6          sbit HC573_A = P2^5;
   7          
   8          void Display_Dynamic();
   9          unsigned char code SMG_duanma[18]={
  10              0xc0,0xf9,0xa4,0xb0,0x99,0x92,0x82,0xf8,
  11              0x80,0x90,0x88,0x80,0xc6,0xc0,0x86,0x8e,
  12              0xbf,0x7f};
  13              
  14          void DelaySMG(unsigned int t)
  15          {
  16   1          while (t--);
  17   1      
  18   1      }
  19          
  20          void Delay(unsigned char t)
  21          {
  22   1          while(t--)
  23   1          {
  24   2              Display_Dynamic();
  25   2          }
  26   1      }
  27          
  28          
  29          void SelectHC573(unsigned char n)
  30          {
  31   1          switch(n)
  32   1          {
  33   2          case 4:
  34   2              HC573_C = 1;
  35   2              HC573_B = 0;
  36   2              HC573_A = 0;
  37   2              break;
  38   2          case 5:
  39   2              HC573_C = 1;
  40   2              HC573_B = 0;
  41   2              HC573_A = 1;
  42   2              break;
  43   2          case 6:
  44   2              HC573_C = 1;
  45   2              HC573_B = 1;
  46   2              HC573_A = 0;
  47   2              break;
  48   2          case 7:
  49   2              HC573_C = 1;
  50   2              HC573_B = 1;
  51   2              HC573_A = 1;
  52   2              break;
  53   2          }
  54   1      }
C51 COMPILER V9.54   MAIN                                                                  02/28/2022 22:22:51 PAGE 2   

  55          
  56          void DisplaySMG_Bit(unsigned char value, unsigned char pos)
  57          {
  58   1          SelectHC573(6);
  59   1          P0 = 0x01 << pos;//右移位
  60   1          SelectHC573(7);
  61   1          P0 = value;
  62   1      }
  63          
  64          void Display_Dynamic()
  65          {
  66   1      //时间很短的时候，才能进是全部显示
  67   1          DisplaySMG_Bit(SMG_duanma[2],0);
  68   1          DelaySMG(50);
  69   1          DisplaySMG_Bit(SMG_duanma[0],1);
  70   1          DelaySMG(50);
  71   1          DisplaySMG_Bit(SMG_duanma[1],2);
  72   1          DelaySMG(50);
  73   1          DisplaySMG_Bit(SMG_duanma[8],3);
  74   1          DelaySMG(50);
  75   1          
  76   1          //2018之后，段码16表示分隔符号
  77   1          DisplaySMG_Bit(SMG_duanma[16],4);
  78   1          DelaySMG(50);
  79   1          DisplaySMG_Bit(SMG_duanma[16],5);
  80   1          DelaySMG(50);
  81   1          
  82   1          DisplaySMG_Bit(SMG_duanma[yue/10],6);
  83   1          DelaySMG(50);
  84   1          DisplaySMG_Bit(SMG_duanma[yue%10],7);
  85   1          DelaySMG(50);
  86   1      }
  87          
  88          void InitSystem()
  89          {
  90   1          HC573_C = 1;
  91   1          HC573_B = 0;
  92   1          HC573_A = 1;
  93   1          
  94   1          P0 = 0x00;
  95   1      }
  96          
  97          void main()
  98          {
  99   1          InitSystem();
 100   1          while(1)
 101   1          {
 102   2          Display_Dynamic();
 103   2          yue++;
 104   2          if ( yue > 12)
 105   2          {
 106   3              yue =1;
 107   3          }
 108   2          Delay(100);
 109   2          }
 110   1      }


MODULE INFORMATION:   STATIC OVERLAYABLE
   CODE SIZE        =    214    ----
   CONSTANT SIZE    =     18    ----
   XDATA SIZE       =   ----    ----
C51 COMPILER V9.54   MAIN                                                                  02/28/2022 22:22:51 PAGE 3   

   PDATA SIZE       =   ----    ----
   DATA SIZE        =      1       1
   IDATA SIZE       =   ----    ----
   BIT SIZE         =   ----    ----
END OF MODULE INFORMATION.


C51 COMPILATION COMPLETE.  0 WARNING(S),  0 ERROR(S)
