C51 COMPILER V9.54   MAINJZ                                                                03/05/2022 20:27:53 PAGE 1   


C51 COMPILER V9.54, COMPILATION OF MODULE MAINJZ
OBJECT MODULE PLACED IN .\Objects\mainjz.obj
COMPILER INVOKED BY: D:\Keil5\x64\C51\BIN\C51.EXE mainjz.c OPTIMIZE(8,SPEED) BROWSE DEBUG OBJECTEXTEND PRINT(.\Listings\
                    -mainjz.lst) TABS(2) OBJECT(.\Objects\mainjz.obj)

line level    source

   1          #include "reg52.h"
   2          
   3          //P4的地址 = 0xc0(大小写都可以）
   4          sfr P4 = 0xc0;
   5          
   6          sbit HC573_C = P2^7;
   7          sbit HC573_B = P2^6;
   8          sbit HC573_A = P2^5;
   9          
  10          //位定义
  11          //一行,right
  12          sbit R1 = P3^0;
  13          sbit R2 = P3^1;
  14          sbit R3 = P3^2;
  15          sbit R4 = P3^3;
  16          
  17          //一列,
  18          sbit C4 = P3^4;
  19          sbit C3 = P3^5;
  20          sbit C2 = P4^2;
  21          sbit C1 = P4^4;
  22          
  23          unsigned char key_num = 0;
  24          
  25          //考试的时候没有只有自己计算
  26          unsigned char code SMG_duanma[18]=
  27          {0xc0,0xf9,0xa4,0xb0,0x99,0x92,0x82,0xf8,
  28          0x80,0x90,0x88,0x80,0xc6,0xc0,0x86,0x8e,
  29          0xbf,0x7f};
  30          
  31          void Delay_ms(unsigned char t)
  32          {
  33   1            while(t--);
  34   1            while(t--);
  35   1      }
  36          
  37          void SelectHC573(unsigned char n)
  38          {
  39   1          switch(n)
  40   1          {
  41   2          case 4:
  42   2              HC573_C = 1;
  43   2              HC573_B = 0;
  44   2              HC573_A = 0;
  45   2              break;
  46   2          case 5:
  47   2              HC573_C = 1;
  48   2              HC573_B = 0;
  49   2              HC573_A = 1;
  50   2              break;
  51   2          case 6:
  52   2              HC573_C = 1;
  53   2              HC573_B = 1;
  54   2              HC573_A = 0;
C51 COMPILER V9.54   MAINJZ                                                                03/05/2022 20:27:53 PAGE 2   

  55   2              break;
  56   2          case 7:
  57   2              HC573_C = 1;
  58   2              HC573_B = 1;
  59   2              HC573_A = 1;
  60   2              break;
  61   2          }
  62   1          
  63   1      }
  64          
  65          void DisplayKeyNum(unsigned char value,unsigned pos)
  66          {
  67   1          SelectHC573(6);
  68   1          P0 = 0x01 << pos;
  69   1          SelectHC573(7);
  70   1          P0 = value;
  71   1      }
  72          
  73          void InitSystem()
  74          {
  75   1        SelectHC573(5);
  76   1        P0=0x00;
  77   1        SelectHC573(4);
  78   1        P0=0xff;
  79   1      }
  80          
  81          
  82          void ScanMulti()
  83          {
  84   1        
  85   1        //注意记住扫描过程
  86   1          R1 = 0;
  87   1          R2 = R3 = R4 = 1;
  88   1          C1 = C2 = C3 = C4 = 1;
  89   1          if(C1 == 0 )
  90   1          {
  91   2            while(C1 == 0);//C1若没有松开=0；
  92   2            //当他松开则跳转到下一个语句
  93   2            key_num = 0;
  94   2            DisplayKeyNum(SMG_duanma[key_num],1);
  95   2          }
  96   1          else if (C2 == 0)//C2按下表示=0
  97   1          {
  98   2            while(C2==0);
  99   2            key_num = 1;
 100   2            DisplayKeyNum(SMG_duanma[key_num],1);
 101   2          }
 102   1          else if (C3 == 0)
 103   1          {
 104   2            while(C3 == 0);
 105   2            key_num = 2;
 106   2            DisplayKeyNum(SMG_duanma[key_num],1);
 107   2          }
 108   1          else if (C4 == 0 )
 109   1          {
 110   2            while(C4 == 0);
 111   2            key_num = 3;
 112   2            DisplayKeyNum(SMG_duanma[key_num],1);
 113   2          }
 114   1          
 115   1          
 116   1          //第二行扫描
C51 COMPILER V9.54   MAINJZ                                                                03/05/2022 20:27:53 PAGE 3   

 117   1          R2 = 0;
 118   1          R1 = R3 = R4 = 1;
 119   1          C1 = C2 = C3 = C4 = 1;
 120   1          if(C1 == 0 )
 121   1          {
 122   2            while(C1 == 0);//C1若没有松开=0；
 123   2            //当他松开则跳转到下一个语句
 124   2            key_num = 4;
 125   2            DisplayKeyNum(SMG_duanma[key_num],1);
 126   2          }
 127   1          else if (C2 == 0)//C2按下表示=0
 128   1          {
 129   2            while(C2==0);
 130   2            key_num = 5;
 131   2            DisplayKeyNum(SMG_duanma[key_num],1);
 132   2          }
 133   1          else if (C3 == 0 )
 134   1          {
 135   2            while(C3 == 0);
 136   2            key_num = 6;
 137   2            DisplayKeyNum(SMG_duanma[key_num],1);
 138   2          }
 139   1          else if (C4 == 0 )
 140   1          {
 141   2            while(C4 == 0);
 142   2            key_num = 7;
 143   2            DisplayKeyNum(SMG_duanma[key_num],1);
 144   2          }
 145   1          
 146   1          
 147   1          //第三行的扫描
 148   1          R3 = 0;
 149   1          R2 = R1 = R4 = 1;
 150   1          C1 = C2 = C3 = C4 = 1;
 151   1          if(C1 == 0 )
 152   1          {
 153   2            while(C1 == 0);//C1若没有松开=0；
 154   2            //当他松开则跳转到下一个语句
 155   2            key_num = 8;
 156   2            DisplayKeyNum(SMG_duanma[key_num],1);
 157   2          }
 158   1          else if (C2 == 0)//C2按下表示=0
 159   1          {
 160   2            while(C2==0);
 161   2            key_num = 9;
 162   2            DisplayKeyNum(SMG_duanma[key_num],1);
 163   2          }
 164   1          else if (C3 == 0 )
 165   1          {
 166   2            while(C3 == 3);
 167   2            key_num = 10;
 168   2            DisplayKeyNum(SMG_duanma[key_num],1);
 169   2          }
 170   1          else if (C4 == 0 )
 171   1          {
 172   2            while(C4 == 0);
 173   2            key_num = 11;
 174   2            DisplayKeyNum(SMG_duanma[key_num],1);
 175   2          }
 176   1          
 177   1          //第三行的扫描
 178   1          R3 = 0;
C51 COMPILER V9.54   MAINJZ                                                                03/05/2022 20:27:53 PAGE 4   

 179   1          R2 = R1 = R4 = 1;
 180   1          C1 = C2 = C3 = C4 = 1;
 181   1          if(C1 == 0 )
 182   1          {
 183   2            while(C1 == 0);//C1若没有松开=0；
 184   2            //当他松开则跳转到下一个语句
 185   2            key_num = 8;
 186   2            DisplayKeyNum(SMG_duanma[key_num],1);
 187   2          }
 188   1          else if (C2 == 0)//C2按下表示=0
 189   1          {
 190   2            while(C2==0);
 191   2            key_num = 9;
 192   2            DisplayKeyNum(SMG_duanma[key_num],1);
 193   2          }
 194   1          else if (C3 == 0 )
 195   1          {
 196   2            while(C3 == 3);
 197   2            key_num = 10;
 198   2            DisplayKeyNum(SMG_duanma[key_num],1);
 199   2          }
 200   1          else if (C4 == 0 )
 201   1          {
 202   2            while(C4 == 0);
 203   2            key_num = 11;
 204   2            DisplayKeyNum(SMG_duanma[key_num],1);
 205   2          }
 206   1          
 207   1          
 208   1          //第四行的扫描
 209   1          R4 = 0;
 210   1          R2 = R1 = R3 = 1;
 211   1          C1 = C2 = C3 = C4 = 1;
 212   1          if(C1 == 0 )
 213   1          {
 214   2            while(C1 == 0);//C1若没有松开=0；
 215   2            //当他松开则跳转到下一个语句
 216   2            key_num = 12;
 217   2            DisplayKeyNum(SMG_duanma[key_num],1);
 218   2          }
 219   1          else if (C2 == 0)//C2按下表示=0
 220   1          {
 221   2            while(C2==0);
 222   2            key_num = 13;
 223   2            DisplayKeyNum(SMG_duanma[key_num],1);
 224   2          }
 225   1          else if (C3 == 0 )
 226   1          {
 227   2            while(C3 == 3);
 228   2            key_num = 14;
 229   2            DisplayKeyNum(SMG_duanma[key_num],1);
 230   2          }
 231   1          else if (C4 == 0 )
 232   1          {
 233   2            while(C4 == 0);
 234   2            key_num = 15;
 235   2            DisplayKeyNum(SMG_duanma[key_num],1);
 236   2          }
 237   1          
 238   1          
 239   1          
 240   1        
C51 COMPILER V9.54   MAINJZ                                                                03/05/2022 20:27:53 PAGE 5   

 241   1      }
 242          
 243          
 244          void main()
 245          {
 246   1        InitSystem();
 247   1          while(1)
 248   1          {
 249   2          ScanMulti();
 250   2          }
 251   1      }


MODULE INFORMATION:   STATIC OVERLAYABLE
   CODE SIZE        =    427    ----
   CONSTANT SIZE    =     18    ----
   XDATA SIZE       =   ----    ----
   PDATA SIZE       =   ----    ----
   DATA SIZE        =      1    ----
   IDATA SIZE       =   ----    ----
   BIT SIZE         =   ----    ----
END OF MODULE INFORMATION.


C51 COMPILATION COMPLETE.  0 WARNING(S),  0 ERROR(S)
