C51 COMPILER V9.54   MAIN                                                                  04/07/2022 22:19:44 PAGE 1   


C51 COMPILER V9.54, COMPILATION OF MODULE MAIN
OBJECT MODULE PLACED IN .\Objects\main.obj
COMPILER INVOKED BY: D:\Keil5\x64\C51\BIN\C51.EXE main.c OPTIMIZE(8,SPEED) BROWSE DEBUG OBJECTEXTEND PRINT(.\Listings\ma
                    -in.lst) TABS(2) OBJECT(.\Objects\main.obj)

line level    source

   1          //1ԭ
   2          //     ģĳһ䳬ڷʱ̵ͬʱʼʱڿд;ϰ
             -յ䲨ֹͣʱ
   3          
   4          //2㹫ʽ
   5          //     =   շصʱ/2
   6          
   7          //    ΪڿеĴٶ¶Ӱ졣ڿеĴٶ¶ȵĹϵǣ
   8          
   9          //    20϶ʱV = 332 + 0.607t  (m/s)
  10          
  11          //    óоҪ󾫶һ㶼ߣȡ20϶ʱ344M/Sм㣬ٽʵĲͿ
             -ԡԣ㹫ʽΪL = 344M/S * T / 2 = 172M/S * T 
  12          
  13          //3ʵֲ
  14          //  1-840KHzĳźţͨTXŷȥ
  15          
  16          //  2-ʱ塣
  17          
  18          //  3-ȴźŷأյźţRXűΪ͵ƽ
  19          
  20          //  4-ֹͣʱȡʱT
  21          
  22          //  5-ݹʽL = V * T /2mоļ㡣
  23          
  24          //4űѵ
  25          //    űƬ뿪УһֱǹҪĿ㣬ÿؿȻʡ
             -ûпҲųԺ󲻿Ŷܶͬѧóѣԭжһģ鲻ͬûеײ
             -ṩͬѧǲ˽乤ԭʵֲ衣ʵһ㶼ѣϣС۷ʦܹﵽ㡣
  26          
  27          //    űƬľۺƽ̨CT107DУģTXŽӵƬP1.0˿ڣRXŽӵƬP1.1
             -˿ڡƳ򣬽г࣬ΧԼ140cmcmΪʾλʾܵұλ볬
             -ΧԡFΪ־ʾܵһλ
  28          #include "reg52.h"
  29          #include "absacc.h"
  30          #include "intrins.h"
  31           
  32          sbit TX = P1^0;
  33          sbit RX = P1^1;
  34           
  35          unsigned int distance = 0;
  36           
  37          unsigned char code SMG_duanma[18]=
  38              {0xc0,0xf9,0xa4,0xb0,0x99,0x92,0x82,0xf8,0x80,0x90,
  39               0x88,0x80,0xc6,0xc0,0x86,0x8e,0xbf,0x7f};
  40           
  41          void DelaySMG(unsigned int t)
  42          {
  43   1        while(t--);
  44   1      }
  45           
  46          void DisplaySMG_Bit(unsigned char pos, unsigned char value)
  47          {
  48   1        XBYTE[0xE000] = 0xFF;
C51 COMPILER V9.54   MAIN                                                                  04/07/2022 22:19:44 PAGE 2   

  49   1        XBYTE[0xC000] = 0x01 << pos;
  50   1        XBYTE[0xE000] = value;
  51   1      }
  52           
  53          void Display_Distance()
  54          {
  55   1        if(distance == 999)
  56   1        {
  57   2          DisplaySMG_Bit(0, SMG_duanma[15]);      //Χ־F
  58   2          DelaySMG(500);
  59   2        }
  60   1        else
  61   1        {
  62   2          DisplaySMG_Bit(5, SMG_duanma[distance / 100]);
  63   2          DelaySMG(500);
  64   2          DisplaySMG_Bit(6, SMG_duanma[(distance % 100) / 10]);
  65   2          DelaySMG(500);
  66   2          DisplaySMG_Bit(7, SMG_duanma[distance % 10]);
  67   2          DelaySMG(500);
  68   2        }
  69   1      }
  70           
  71          void Delay12us()                  //@12.000MHz ʱ12us
  72          {
  73   1        unsigned char i;
  74   1       
  75   1        _nop_();
  76   1        _nop_();
  77   1        i = 33;
  78   1        while (--i);
  79   1      }
  80           
  81          void Send_Wave()                 //840KHxź
  82          {
  83   1        unsigned char i;
  84   1        for(i = 0; i < 8; i++)
  85   1        {
  86   2          TX = 1;
  87   2          Delay12us();  
  88   2          TX = 0;
  89   2          Delay12us();
  90   2        }
  91   1      }
  92           
  93          void Measure_Distance()         //
  94          {
  95   1        unsigned int time = 0;
  96   1        
  97   1        TMOD &= 0x0f;             //ʱ1ģʽ013λ8192                
  98   1        TL1 = 0x00;                   
  99   1        TH1 = 0x00;   
 100   1        
 101   1        Send_Wave();            //ͳź              
 102   1        TR1 = 1;            //ʱ            
 103   1        while((RX == 1) && (TF1 == 0));    //ȴźŷػߵȵΧ
 104   1        TR1 = 0;            //ֹͣʱ        
 105   1        
 106   1        if(TF1 == 0)              //Χ              
 107   1        {
 108   2          time = TH1;                 
 109   2          time = (time << 8) | TL1;   
 110   2          distance = ((time / 10) * 17) / 100 + 3;
C51 COMPILER V9.54   MAIN                                                                  04/07/2022 22:19:44 PAGE 3   

 111   2        }
 112   1        else                        //Χ      
 113   1        {
 114   2          TF1 = 0;
 115   2          distance = 999;
 116   2        }
 117   1      }
 118           
 119          void Delay(unsigned char n)        //ʾǿ
 120          {
 121   1        while(n--)
 122   1        {
 123   2          Display_Distance();
 124   2        }
 125   1      }
 126           
 127          void main()
 128          {
 129   1        while(1)
 130   1        {
 131   2          Measure_Distance();
 132   2          Delay(10);
 133   2        }
 134   1      }


MODULE INFORMATION:   STATIC OVERLAYABLE
   CODE SIZE        =    287    ----
   CONSTANT SIZE    =     18    ----
   XDATA SIZE       =   ----    ----
   PDATA SIZE       =   ----    ----
   DATA SIZE        =      2    ----
   IDATA SIZE       =   ----    ----
   BIT SIZE         =   ----    ----
END OF MODULE INFORMATION.


C51 COMPILATION COMPLETE.  0 WARNING(S),  0 ERROR(S)
